<?xml version="1.0" encoding="UTF-8"?>
<!-- Generated by org.testng.reporters.JUnitXMLReporter -->
<testsuite ignored="0" hostname="DESKTOP-L2Q1E1B" failures="0" tests="4" name="Test" time="0.077" errors="0" timestamp="2020-03-30T11:20:11 IST">
  <testcase classname="demo.Class1" name="Test2" time="0.01"/>
  <testcase classname="demo.Class1" name="Test3" time="0.002"/>
  <testcase classname="demo.Class1" name="Test4" time="0.001"/>
  <testcase classname="demo.Class1" name="Test5" time="0.003"/>
</testsuite> <!-- Test -->
