<?xml version="1.0" encoding="UTF-8"?>
<!-- Generated by org.testng.reporters.JUnitXMLReporter -->
<testsuite ignored="2" hostname="DESKTOP-L2Q1E1B" failures="0" tests="3" name="Test" time="0.064" errors="0" timestamp="2020-03-22T03:09:48 IST">
  <testcase classname="demo.GroupofGroups" name="m3" time="0.008"/>
  <testcase classname="demo.GroupofGroups" name="m4" time="0.002"/>
  <testcase classname="demo.GroupofGroups" name="m5" time="0.002"/>
  <testcase classname="demo.GroupofGroups" name="m1" time="0.0">
    <ignored/>
  </testcase> <!-- m1 -->
  <testcase classname="demo.GroupofGroups" name="m2" time="0.0">
    <ignored/>
  </testcase> <!-- m2 -->
</testsuite> <!-- Test -->
