<?xml version="1.0" encoding="UTF-8"?>
<!-- Generated by org.testng.reporters.JUnitXMLReporter -->
<testsuite ignored="0" hostname="DESKTOP-L2Q1E1B" failures="0" tests="4" name="Default test" time="0.065" errors="0" timestamp="2020-01-28T23:31:00 IST">
  <testcase classname="demo.beforeAfter" name="Group2" time="0.004"/>
  <testcase classname="demo.beforeAfter" name="test1" time="0.004"/>
  <testcase classname="demo.beforeAfter" name="test2" time="0.004"/>
  <testcase classname="demo.beforeAfter" name="Group1" time="0.004"/>
</testsuite> <!-- Default test -->
