<?xml version="1.0" encoding="UTF-8"?>
<!-- Generated by org.testng.reporters.JUnitXMLReporter -->
<testsuite ignored="6" hostname="DESKTOP-L2Q1E1B" failures="0" tests="1" name="TEST_somerandomName" time="0.062" errors="0" timestamp="2020-01-27T15:25:25 IST">
  <testcase classname="demo.TestingNextGeneration" name="TestCase4" time="0.015"/>
  <testcase classname="demo.TestClass2" name="@BeforeTest BeforeTC2" time="0.0">
    <ignored/>
  </testcase> <!-- @BeforeTest BeforeTC2 -->
  <testcase classname="demo.TestClass2" name="display" time="0.0">
    <ignored/>
  </testcase> <!-- display -->
  <testcase classname="demo.TestClass2" name="display" time="0.0">
    <ignored/>
  </testcase> <!-- display -->
  <testcase classname="demo.TestingNextGeneration" name="TestCase6" time="0.0">
    <ignored/>
  </testcase> <!-- TestCase6 -->
  <testcase classname="demo.TestingNextGeneration" name="TestCase1" time="0.0">
    <ignored/>
  </testcase> <!-- TestCase1 -->
  <testcase classname="demo.TestingNextGeneration" name="TestCase3" time="0.0">
    <ignored/>
  </testcase> <!-- TestCase3 -->
</testsuite> <!-- TEST_somerandomName -->
