<?xml version="1.0" encoding="UTF-8"?>
<!-- Generated by org.testng.reporters.JUnitXMLReporter -->
<testsuite ignored="1" hostname="DESKTOP-L2Q1E1B" failures="0" tests="6" name="Test" time="0.098" errors="0" timestamp="2020-01-27T14:25:24 IST">
  <testcase classname="demo.TestingNextGeneration" name="TestCase1" time="0.01"/>
  <testcase classname="demo.TestingNextGeneration" name="TestCase4" time="0.0"/>
  <testcase classname="demo.TestClass2" name="display" time="0.005"/>
  <testcase classname="demo.TestingNextGeneration" name="TestCase3" time="0.0"/>
  <testcase classname="demo.TestingNextGeneration" name="TestCase6" time="0.0"/>
  <testcase classname="demo.TestClass2" name="display" time="0.0"/>
  <testcase classname="demo.TestClass2" name="@BeforeTest BeforeTC2" time="0.0">
    <ignored/>
  </testcase> <!-- @BeforeTest BeforeTC2 -->
</testsuite> <!-- Test -->
