<?xml version="1.0" encoding="UTF-8"?>
<testng-results ignored="0" total="4" passed="4" failed="0" skipped="0">
  <reporter-output>
  </reporter-output>
  <suite started-at="2020-03-30T15:21:30 IST" name="Default suite" finished-at="2020-03-30T15:21:30 IST" duration-ms="80">
    <groups>
      <group name="group">
        <method signature="beforeAfter.Group2()[pri:0, instance:demo.beforeAfter@4445629]" name="Group2" class="demo.beforeAfter"/>
        <method signature="beforeAfter.Group1()[pri:0, instance:demo.beforeAfter@4445629]" name="Group1" class="demo.beforeAfter"/>
      </group> <!-- group -->
    </groups>
    <test started-at="2020-03-30T15:21:30 IST" name="Default test" finished-at="2020-03-30T15:21:30 IST" duration-ms="80">
      <class name="demo.beforeAfter">
        <test-method is-config="true" signature="Group3()[pri:0, instance:demo.beforeAfter@4445629]" started-at="2020-03-30T15:21:30 IST" name="Group3" finished-at="2020-03-30T15:21:30 IST" duration-ms="15" status="PASS">
          <reporter-output>
          </reporter-output>
        </test-method> <!-- Group3 -->
        <test-method is-config="true" signature="beforeTest()[pri:0, instance:demo.beforeAfter@4445629]" started-at="2020-03-30T15:21:30 IST" name="beforeTest" finished-at="2020-03-30T15:21:30 IST" duration-ms="0" status="PASS">
          <reporter-output>
          </reporter-output>
        </test-method> <!-- beforeTest -->
        <test-method is-config="true" signature="BeforeClass()[pri:0, instance:demo.beforeAfter@4445629]" started-at="2020-03-30T15:21:30 IST" name="BeforeClass" finished-at="2020-03-30T15:21:30 IST" duration-ms="0" status="PASS">
          <reporter-output>
          </reporter-output>
        </test-method> <!-- BeforeClass -->
        <test-method is-config="true" signature="BeforeTest()[pri:0, instance:demo.beforeAfter@4445629]" started-at="2020-03-30T15:21:30 IST" name="BeforeTest" finished-at="2020-03-30T15:21:30 IST" duration-ms="0" status="PASS">
          <reporter-output>
          </reporter-output>
        </test-method> <!-- BeforeTest -->
        <test-method signature="Group2()[pri:0, instance:demo.beforeAfter@4445629]" started-at="2020-03-30T15:21:30 IST" name="Group2" finished-at="2020-03-30T15:21:30 IST" duration-ms="0" status="PASS">
          <reporter-output>
          </reporter-output>
        </test-method> <!-- Group2 -->
        <test-method is-config="true" signature="AfterMethod()[pri:0, instance:demo.beforeAfter@4445629]" started-at="2020-03-30T15:21:30 IST" name="AfterMethod" finished-at="2020-03-30T15:21:30 IST" duration-ms="16" status="PASS">
          <reporter-output>
          </reporter-output>
        </test-method> <!-- AfterMethod -->
        <test-method is-config="true" signature="AfterMethod()[pri:0, instance:demo.beforeAfter@4445629]" started-at="2020-03-30T15:21:30 IST" name="AfterMethod" finished-at="2020-03-30T15:21:30 IST" duration-ms="0" status="PASS">
          <reporter-output>
          </reporter-output>
        </test-method> <!-- AfterMethod -->
        <test-method is-config="true" signature="BeforeTest()[pri:0, instance:demo.beforeAfter@4445629]" started-at="2020-03-30T15:21:30 IST" name="BeforeTest" finished-at="2020-03-30T15:21:30 IST" duration-ms="0" status="PASS">
          <reporter-output>
          </reporter-output>
        </test-method> <!-- BeforeTest -->
        <test-method signature="test2()[pri:0, instance:demo.beforeAfter@4445629]" started-at="2020-03-30T15:21:30 IST" name="test2" finished-at="2020-03-30T15:21:30 IST" duration-ms="0" status="PASS">
          <reporter-output>
          </reporter-output>
        </test-method> <!-- test2 -->
        <test-method is-config="true" signature="BeforeTest()[pri:0, instance:demo.beforeAfter@4445629]" started-at="2020-03-30T15:21:30 IST" name="BeforeTest" finished-at="2020-03-30T15:21:30 IST" duration-ms="0" status="PASS">
          <reporter-output>
          </reporter-output>
        </test-method> <!-- BeforeTest -->
        <test-method signature="test1()[pri:0, instance:demo.beforeAfter@4445629]" started-at="2020-03-30T15:21:30 IST" name="test1" finished-at="2020-03-30T15:21:30 IST" duration-ms="0" status="PASS">
          <reporter-output>
          </reporter-output>
        </test-method> <!-- test1 -->
        <test-method is-config="true" signature="AfterClass()[pri:0, instance:demo.beforeAfter@4445629]" started-at="2020-03-30T15:21:30 IST" name="AfterClass" finished-at="2020-03-30T15:21:30 IST" duration-ms="0" status="PASS">
          <reporter-output>
          </reporter-output>
        </test-method> <!-- AfterClass -->
        <test-method is-config="true" signature="Aftertest()[pri:0, instance:demo.beforeAfter@4445629]" started-at="2020-03-30T15:21:30 IST" name="Aftertest" finished-at="2020-03-30T15:21:30 IST" duration-ms="0" status="PASS">
          <reporter-output>
          </reporter-output>
        </test-method> <!-- Aftertest -->
        <test-method signature="Group1()[pri:0, instance:demo.beforeAfter@4445629]" started-at="2020-03-30T15:21:30 IST" name="Group1" finished-at="2020-03-30T15:21:30 IST" depends-on-methods="demo.beforeAfter.test1" duration-ms="0" status="PASS">
          <reporter-output>
          </reporter-output>
        </test-method> <!-- Group1 -->
        <test-method is-config="true" signature="AfterMethod()[pri:0, instance:demo.beforeAfter@4445629]" started-at="2020-03-30T15:21:30 IST" name="AfterMethod" finished-at="2020-03-30T15:21:30 IST" duration-ms="0" status="PASS">
          <reporter-output>
          </reporter-output>
        </test-method> <!-- AfterMethod -->
        <test-method is-config="true" signature="AfterMethod()[pri:0, instance:demo.beforeAfter@4445629]" started-at="2020-03-30T15:21:30 IST" name="AfterMethod" finished-at="2020-03-30T15:21:30 IST" duration-ms="0" status="PASS">
          <reporter-output>
          </reporter-output>
        </test-method> <!-- AfterMethod -->
        <test-method is-config="true" signature="BeforeTest()[pri:0, instance:demo.beforeAfter@4445629]" started-at="2020-03-30T15:21:30 IST" name="BeforeTest" finished-at="2020-03-30T15:21:30 IST" duration-ms="0" status="PASS">
          <reporter-output>
          </reporter-output>
        </test-method> <!-- BeforeTest -->
        <test-method is-config="true" signature="Group4()[pri:0, instance:demo.beforeAfter@4445629]" started-at="2020-03-30T15:21:30 IST" name="Group4" finished-at="2020-03-30T15:21:30 IST" duration-ms="0" status="PASS">
          <reporter-output>
          </reporter-output>
        </test-method> <!-- Group4 -->
      </class> <!-- demo.beforeAfter -->
    </test> <!-- Default test -->
  </suite> <!-- Default suite -->
</testng-results>
