<?xml version="1.0" encoding="UTF-8"?>
<testng-results ignored="2" total="5" passed="3" failed="0" skipped="0">
  <reporter-output>
  </reporter-output>
  <suite started-at="2020-03-22T03:09:48 IST" name="Suite name can be modified eg FunctionalTestSuite" finished-at="2020-03-22T03:09:48 IST" duration-ms="64">
    <groups>
      <group name="Cat">
        <method signature="GroupofGroups.m3()[pri:0, instance:demo.GroupofGroups@4278a03f]" name="m3" class="demo.GroupofGroups"/>
      </group> <!-- Cat -->
      <group name="Lion">
        <method signature="GroupofGroups.m4()[pri:0, instance:demo.GroupofGroups@4278a03f]" name="m4" class="demo.GroupofGroups"/>
      </group> <!-- Lion -->
      <group name="Cheetah">
        <method signature="GroupofGroups.m5()[pri:0, instance:demo.GroupofGroups@4278a03f]" name="m5" class="demo.GroupofGroups"/>
      </group> <!-- Cheetah -->
    </groups>
    <test started-at="2020-03-22T03:09:48 IST" name="Test" finished-at="2020-03-22T03:09:48 IST" duration-ms="64">
      <class name="demo.GroupofGroups">
        <test-method signature="m3()[pri:0, instance:demo.GroupofGroups@4278a03f]" started-at="2020-03-22T03:09:48 IST" name="m3" finished-at="2020-03-22T03:09:48 IST" duration-ms="8" status="PASS">
          <reporter-output>
          </reporter-output>
        </test-method> <!-- m3 -->
        <test-method signature="m4()[pri:0, instance:demo.GroupofGroups@4278a03f]" started-at="2020-03-22T03:09:48 IST" name="m4" finished-at="2020-03-22T03:09:48 IST" duration-ms="2" status="PASS">
          <reporter-output>
          </reporter-output>
        </test-method> <!-- m4 -->
        <test-method signature="m5()[pri:0, instance:demo.GroupofGroups@4278a03f]" started-at="2020-03-22T03:09:48 IST" name="m5" finished-at="2020-03-22T03:09:48 IST" duration-ms="2" status="PASS">
          <reporter-output>
          </reporter-output>
        </test-method> <!-- m5 -->
      </class> <!-- demo.GroupofGroups -->
    </test> <!-- Test -->
  </suite> <!-- Suite name can be modified eg FunctionalTestSuite -->
</testng-results>
